\BOOKMARK [1][-]{section*.2}{\376\377\000B\000a\000s\000i\000c\000\040\000u\000s\000e\000\040\000o\000f\000\040\000R}{}% 1
\BOOKMARK [2][-]{section*.3}{\376\377\000W\000o\000r\000k\000i\000n\000g\000-\000s\000p\000a\000c\000e\000\040\000a\000n\000d\000\040\000h\000e\000l\000p\000s}{section*.2}% 2
\BOOKMARK [2][-]{section*.4}{\376\377\000B\000a\000s\000i\000c\000\040\000o\000p\000e\000r\000a\000t\000i\000o\000n}{section*.2}% 3
\BOOKMARK [2][-]{section*.5}{\376\377\000V\000e\000c\000t\000o\000r\000s\000\040\000a\000n\000d\000\040\000M\000a\000t\000r\000i\000x}{section*.2}% 4
\BOOKMARK [2][-]{section*.6}{\376\377\000T\000y\000p\000e\000\040\000o\000f\000\040\000o\000j\000e\000c\000t\000s\000\040\000i\000n\000\040\000R}{section*.2}% 5
\BOOKMARK [2][-]{section*.7}{\376\377\000I\000m\000p\000o\000r\000t\000\040\000a\000\040\000d\000a\000t\000a\000s\000e\000t}{section*.2}% 6
\BOOKMARK [1][-]{section*.8}{\376\377\000R\000e\000p\000r\000o\000d\000u\000c\000i\000b\000l\000e\000\040\000S\000t\000a\000t\000i\000s\000t\000i\000c\000a\000l\000\040\000A\000n\000a\000l\000y\000s\000i\000s\000\040\000w\000i\000t\000h\000\040\000R\000-\000M\000a\000r\000k\000d\000o\000w\000n}{}% 7
\BOOKMARK [2][-]{section*.9}{\376\377\000W\000h\000y\000\040\000u\000s\000e\000\040\000R\000-\000M\000a\000r\000k\000d\000o\000w\000n}{section*.8}% 8
\BOOKMARK [2][-]{section*.10}{\376\377\000C\000r\000e\000a\000t\000e\000\040\000a\000\040\000R\000-\000m\000a\000r\000k\000d\000o\000w\000n\000\040\000f\000i\000l\000e}{section*.8}% 9
\BOOKMARK [2][-]{section*.11}{\376\377\000C\000r\000e\000a\000t\000e\000\040\000a\000n\000\040\000R\000m\000d\000\040\000r\000e\000p\000o\000r\000t}{section*.8}% 10
\BOOKMARK [2][-]{section*.12}{\376\377\000C\000o\000m\000p\000a\000r\000e\000i\000n\000g\000\040\000t\000h\000e\000\040\000m\000a\000r\000k\000u\000p\000\040\000t\000o\000\040\000t\000h\000e\000\040\000o\000u\000t\000p\000u\000t}{section*.8}% 11
\BOOKMARK [2][-]{section*.13}{\376\377\000W\000h\000a\000t\000\040\000t\000h\000e\000\040\000s\000o\000f\000t\000w\000a\000r\000e\000\040\000i\000s\000\040\000d\000o\000i\000n\000g}{section*.8}% 12
\BOOKMARK [2][-]{section*.14}{\376\377\000C\000h\000a\000n\000g\000i\000n\000g\000\040\000t\000h\000e\000\040\000o\000u\000t\000p\000u\000t\000\040\000f\000o\000r\000m\000a\000t}{section*.8}% 13
\BOOKMARK [2][-]{section*.15}{\376\377\000F\000o\000r\000m\000a\000t\000t\000i\000n\000g\000\040\000t\000h\000e\000\040\000o\000u\000t\000p\000u\000t}{section*.8}% 14
\BOOKMARK [2][-]{section*.16}{\376\377\000M\000a\000r\000k\000d\000o\000w\000n\000\040\000b\000a\000s\000i\000c\000s}{section*.8}% 15
\BOOKMARK [2][-]{section*.21}{\376\377\000I\000n\000c\000l\000u\000d\000i\000n\000g\000\040\000P\000l\000o\000t\000s}{section*.8}% 16
\BOOKMARK [1][-]{section*.22}{\376\377\000D\000a\000t\000a\000\040\000v\000i\000s\000u\000a\000l\000i\000z\000a\000t\000i\000o\000n\000\040\000a\000n\000d\000\040\000b\000a\000s\000e\000\040\000s\000t\000a\000t\000i\000s\000t\000i\000c\000s\000\040\000w\000i\000t\000h\000\040\000R}{}% 17
\BOOKMARK [2][-]{section*.23}{\376\377\000T\000h\000e\000\040\000n\000o\000r\000m\000a\000l\000\040\000d\000i\000s\000t\000r\000i\000b\000u\000t\000i\000o\000n}{section*.22}% 18
\BOOKMARK [2][-]{section*.24}{\376\377\000T\000o\000\040\000b\000u\000i\000l\000d\000\040\000a\000\040\000f\000u\000n\000c\000t\000i\000o\000n\000\040\000i\000n\000\040\000R}{section*.22}% 19
\BOOKMARK [2][-]{section*.25}{\376\377\000B\000a\000s\000i\000c\000\040\000s\000t\000a\000t\000i\000s\000t\000i\000c\000s\000\040\000f\000u\000n\000c\000t\000i\000o\000n\000\040\000w\000i\000t\000h\000\040\000R}{section*.22}% 20
